<?xml version="1.0" encoding="UTF-8"?>
<!-- Generated by org.testng.reporters.JUnitReportReporter -->
<testsuite skipped="0" hostname="LAPTOP-KRC4FANK" name="script.Test1" tests="3" failures="0" timestamp="11 Aug 2018 10:15:00 GMT" time="0.018" errors="0">
  <testcase name="test2" time="0.003" classname="script.Test1"/>
  <testcase name="test3" time="0.003" classname="script.Test1"/>
  <testcase name="test1" time="0.012" classname="script.Test1"/>
</testsuite> <!-- script.Test1 -->
